================================================================================
Appcelerator Titanium Diagnostics Build Log
The contents of this file are useful to send to Appcelerator Support if
reporting an issue to help us understand your environment, build settings
and aid in debugging. Please attach this log to any issue that you report.
================================================================================

Starting build at 02/02/13 14:19

Build details:

   timestamp=12/12/12 18:49
   module_apiversion=2
   version=3.0.0
   githash=a5894b3


Script arguments:
   /Users/Jon/Library/Application Support/Titanium/mobilesdk/osx/3.0.0.GA/iphone/builder.py
   simulator
   6.0
   /Users/Jon/Development/Chill
   chill
   Chill
   iphone
   iphone
   

Building from: /Users/Jon/Library/Application Support/Titanium/mobilesdk/osx/3.0.0.GA/iphone
Platform: Darwin Kernel Version 12.2.0: Sat Aug 25 00:48:52 PDT 2012; root:xnu-2050.18.24~1/RELEASE_X86_64

Xcode path is: /Applications/Xcode.app/Contents/Developer

[INFO] Detected third-party module: com.obscure.imageview_ex/2.0[INFO] Detected third-party module: com.obscure.imageview_ex/2.0
githash=a5894b3, existing_git_hash=a5894b3
writing contents of /Users/Jon/Development/Chill/build/iphone/project.xcconfig:

TI_VERSION=3.0.0.GA
TI_SDK_DIR=/Users/Jon/Library/Application Support/Titanium/mobilesdk/osx/$(TI_VERSION)/iphone
TI_APPID=chill
OTHER_LDFLAGS[sdk=iphoneos*]=$(inherited) -weak_framework iAd
OTHER_LDFLAGS[sdk=iphonesimulator*]=$(inherited) -weak_framework iAd
#include "module"

old contents


Generated the following stylecode code:

<?xml version="1.0" encoding="UTF-8"?>
<!DOCTYPE plist PUBLIC "-//Apple//DTD PLIST 1.0//EN" "http://www.apple.com/DTDs/PropertyList-1.0.dtd">
<plist version="1.0">
	<dict>
		<key>classes</key>
		<dict>
</dict>

		<key>classes_density</key>
		<dict>
</dict>

		<key>ids</key>
		<dict>
</dict>

		<key>ids_density</key>
		<dict>
</dict>

		<key>tags</key>
		<dict>
</dict>

		<key>tags_density</key>
		<dict>
</dict>

	</dict>
</plist>
Finishing build
